[30-Jul-2017 19:04:27 UTC] PHP Warning:  ftp_put(): 0.389 seconds (measured here), 21.02 Kbytes per second in /mnt/shell/emulated/0/pws/www/camera.php on line 73
[30-Jul-2017 20:24:07 UTC] PHP Warning:  ftp_put(): Disk full - please upload later in /mnt/shell/emulated/0/pws/www/camera.php on line 73
[31-Jul-2017 05:32:47 UTC] PHP Warning:  Error while sending QUERY packet. PID=13611 in /mnt/shell/emulated/0/pws/www/connection.php on line 73
[31-Jul-2017 05:32:47 UTC] PHP Warning:  mysqli_fetch_array() expects parameter 1 to be mysqli_result, boolean given in /mnt/shell/emulated/0/pws/www/connection.php on line 75
[31-Jul-2017 05:32:47 UTC] PHP Warning:  mysqli_free_result() expects parameter 1 to be mysqli_result, boolean given in /mnt/shell/emulated/0/pws/www/connection.php on line 79
[31-Jul-2017 05:32:47 UTC] PHP Warning:  mysqli_fetch_array() expects parameter 1 to be mysqli_result, boolean given in /mnt/shell/emulated/0/pws/www/connection.php on line 75
[31-Jul-2017 05:32:47 UTC] PHP Warning:  mysqli_free_result() expects parameter 1 to be mysqli_result, boolean given in /mnt/shell/emulated/0/pws/www/connection.php on line 79
[31-Jul-2017 05:33:04 UTC] PHP Warning:  mysqli_fetch_array() expects parameter 1 to be mysqli_result, boolean given in /mnt/shell/emulated/0/pws/www/connection.php on line 75
[31-Jul-2017 05:33:04 UTC] PHP Warning:  mysqli_free_result() expects parameter 1 to be mysqli_result, boolean given in /mnt/shell/emulated/0/pws/www/connection.php on line 79
[31-Jul-2017 05:33:04 UTC] PHP Warning:  mysqli_fetch_array() expects parameter 1 to be mysqli_result, boolean given in /mnt/shell/emulated/0/pws/www/connection.php on line 75
[31-Jul-2017 05:33:04 UTC] PHP Warning:  mysqli_free_result() expects parameter 1 to be mysqli_result, boolean given in /mnt/shell/emulated/0/pws/www/connection.php on line 79
[31-Jul-2017 06:12:21 UTC] PHP Warning:  mysqli_fetch_array() expects parameter 1 to be mysqli_result, boolean given in /mnt/shell/emulated/0/pws/www/connection.php on line 75
[31-Jul-2017 06:12:21 UTC] PHP Warning:  mysqli_free_result() expects parameter 1 to be mysqli_result, boolean given in /mnt/shell/emulated/0/pws/www/connection.php on line 79
[31-Jul-2017 06:12:21 UTC] PHP Warning:  mysqli_fetch_array() expects parameter 1 to be mysqli_result, boolean given in /mnt/shell/emulated/0/pws/www/connection.php on line 75
[31-Jul-2017 06:12:21 UTC] PHP Warning:  mysqli_free_result() expects parameter 1 to be mysqli_result, boolean given in /mnt/shell/emulated/0/pws/www/connection.php on line 79
[31-Jul-2017 06:21:49 UTC] PHP Warning:  mysqli_fetch_array() expects parameter 1 to be mysqli_result, boolean given in /mnt/shell/emulated/0/pws/www/connection.php on line 75
[31-Jul-2017 06:21:49 UTC] PHP Warning:  mysqli_free_result() expects parameter 1 to be mysqli_result, boolean given in /mnt/shell/emulated/0/pws/www/connection.php on line 79
[31-Jul-2017 06:21:49 UTC] PHP Warning:  mysqli_fetch_array() expects parameter 1 to be mysqli_result, boolean given in /mnt/shell/emulated/0/pws/www/connection.php on line 75
[31-Jul-2017 06:21:49 UTC] PHP Warning:  mysqli_free_result() expects parameter 1 to be mysqli_result, boolean given in /mnt/shell/emulated/0/pws/www/connection.php on line 79
[31-Jul-2017 06:22:03 UTC] PHP Warning:  mysqli_fetch_array() expects parameter 1 to be mysqli_result, boolean given in /mnt/shell/emulated/0/pws/www/connection.php on line 75
[31-Jul-2017 06:22:03 UTC] PHP Warning:  mysqli_free_result() expects parameter 1 to be mysqli_result, boolean given in /mnt/shell/emulated/0/pws/www/connection.php on line 79
[31-Jul-2017 06:22:03 UTC] PHP Warning:  mysqli_fetch_array() expects parameter 1 to be mysqli_result, boolean given in /mnt/shell/emulated/0/pws/www/connection.php on line 75
[31-Jul-2017 06:22:03 UTC] PHP Warning:  mysqli_free_result() expects parameter 1 to be mysqli_result, boolean given in /mnt/shell/emulated/0/pws/www/connection.php on line 79
[31-Jul-2017 06:26:04 UTC] PHP Warning:  mysqli_fetch_array() expects parameter 1 to be mysqli_result, boolean given in /mnt/shell/emulated/0/pws/www/connection.php on line 75
[31-Jul-2017 06:26:04 UTC] PHP Warning:  mysqli_free_result() expects parameter 1 to be mysqli_result, boolean given in /mnt/shell/emulated/0/pws/www/connection.php on line 79
[31-Jul-2017 07:59:11 UTC] PHP Warning:  mysqli_connect(): (HY000/2002): Connection refused in /mnt/shell/emulated/0/pws/www/connection.php on line 10
[31-Jul-2017 07:59:13 UTC] PHP Warning:  mysqli_connect(): (HY000/2002): Connection refused in /mnt/shell/emulated/0/pws/www/connection.php on line 10
[31-Jul-2017 07:59:13 UTC] PHP Warning:  mysqli_query() expects parameter 1 to be mysqli, boolean given in /mnt/shell/emulated/0/pws/www/connection.php on line 91
[31-Jul-2017 07:59:13 UTC] PHP Warning:  mysqli_fetch_row() expects parameter 1 to be mysqli_result, null given in /mnt/shell/emulated/0/pws/www/connection.php on line 95
[31-Jul-2017 07:59:13 UTC] PHP Warning:  mysqli_free_result() expects parameter 1 to be mysqli_result, null given in /mnt/shell/emulated/0/pws/www/connection.php on line 105
[31-Jul-2017 07:59:13 UTC] PHP Warning:  mysqli_close() expects parameter 1 to be mysqli, boolean given in /mnt/shell/emulated/0/pws/www/connection.php on line 108
[31-Jul-2017 07:59:25 UTC] PHP Warning:  mysqli_connect(): (HY000/2002): Connection refused in /mnt/shell/emulated/0/pws/www/connection.php on line 10
[31-Jul-2017 07:59:25 UTC] PHP Warning:  mysqli_query() expects parameter 1 to be mysqli, boolean given in /mnt/shell/emulated/0/pws/www/connection.php on line 91
[31-Jul-2017 07:59:25 UTC] PHP Warning:  mysqli_fetch_row() expects parameter 1 to be mysqli_result, null given in /mnt/shell/emulated/0/pws/www/connection.php on line 95
[31-Jul-2017 07:59:25 UTC] PHP Warning:  mysqli_free_result() expects parameter 1 to be mysqli_result, null given in /mnt/shell/emulated/0/pws/www/connection.php on line 105
[31-Jul-2017 07:59:25 UTC] PHP Warning:  mysqli_close() expects parameter 1 to be mysqli, boolean given in /mnt/shell/emulated/0/pws/www/connection.php on line 108
[31-Jul-2017 08:03:31 UTC] PHP Warning:  mysqli_connect(): (HY000/2002): Connection refused in /mnt/shell/emulated/0/pws/www/connection.php on line 10
[31-Jul-2017 08:03:31 UTC] PHP Warning:  mysqli_query() expects parameter 1 to be mysqli, boolean given in /mnt/shell/emulated/0/pws/www/connection.php on line 91
[31-Jul-2017 08:03:31 UTC] PHP Warning:  mysqli_fetch_row() expects parameter 1 to be mysqli_result, null given in /mnt/shell/emulated/0/pws/www/connection.php on line 95
[31-Jul-2017 08:03:31 UTC] PHP Warning:  mysqli_free_result() expects parameter 1 to be mysqli_result, null given in /mnt/shell/emulated/0/pws/www/connection.php on line 105
[31-Jul-2017 08:03:31 UTC] PHP Warning:  mysqli_close() expects parameter 1 to be mysqli, boolean given in /mnt/shell/emulated/0/pws/www/connection.php on line 108
[31-Jul-2017 08:06:26 UTC] PHP Warning:  mysqli_connect(): (HY000/2002): Connection refused in /mnt/shell/emulated/0/pws/www/connection.php on line 10
[31-Jul-2017 08:06:26 UTC] PHP Warning:  mysqli_query() expects parameter 1 to be mysqli, boolean given in /mnt/shell/emulated/0/pws/www/connection.php on line 91
[31-Jul-2017 08:06:26 UTC] PHP Warning:  mysqli_fetch_row() expects parameter 1 to be mysqli_result, null given in /mnt/shell/emulated/0/pws/www/connection.php on line 95
[31-Jul-2017 08:06:26 UTC] PHP Warning:  mysqli_free_result() expects parameter 1 to be mysqli_result, null given in /mnt/shell/emulated/0/pws/www/connection.php on line 105
[31-Jul-2017 08:06:26 UTC] PHP Warning:  mysqli_close() expects parameter 1 to be mysqli, boolean given in /mnt/shell/emulated/0/pws/www/connection.php on line 108
[31-Jul-2017 08:06:51 UTC] PHP Warning:  mysqli_connect(): (HY000/2002): Connection refused in /mnt/shell/emulated/0/pws/www/connection.php on line 10
[31-Jul-2017 08:06:51 UTC] PHP Warning:  mysqli_query() expects parameter 1 to be mysqli, boolean given in /mnt/shell/emulated/0/pws/www/connection.php on line 91
[31-Jul-2017 08:06:51 UTC] PHP Warning:  mysqli_fetch_row() expects parameter 1 to be mysqli_result, null given in /mnt/shell/emulated/0/pws/www/connection.php on line 95
[31-Jul-2017 08:06:51 UTC] PHP Warning:  mysqli_free_result() expects parameter 1 to be mysqli_result, null given in /mnt/shell/emulated/0/pws/www/connection.php on line 105
[31-Jul-2017 08:06:51 UTC] PHP Warning:  mysqli_close() expects parameter 1 to be mysqli, boolean given in /mnt/shell/emulated/0/pws/www/connection.php on line 108
[31-Jul-2017 08:09:08 UTC] PHP Warning:  mysqli_connect(): (HY000/2002): Connection refused in /mnt/shell/emulated/0/pws/www/connection.php on line 10
[31-Jul-2017 08:09:08 UTC] PHP Warning:  mysqli_query() expects parameter 1 to be mysqli, boolean given in /mnt/shell/emulated/0/pws/www/connection.php on line 91
[31-Jul-2017 08:09:08 UTC] PHP Warning:  mysqli_fetch_row() expects parameter 1 to be mysqli_result, null given in /mnt/shell/emulated/0/pws/www/connection.php on line 95
[31-Jul-2017 08:09:08 UTC] PHP Warning:  mysqli_free_result() expects parameter 1 to be mysqli_result, null given in /mnt/shell/emulated/0/pws/www/connection.php on line 105
[31-Jul-2017 08:09:08 UTC] PHP Warning:  mysqli_close() expects parameter 1 to be mysqli, boolean given in /mnt/shell/emulated/0/pws/www/connection.php on line 108
[31-Jul-2017 08:12:22 UTC] PHP Warning:  mysqli_connect(): (HY000/2002): Connection refused in /mnt/shell/emulated/0/pws/www/connection.php on line 10
[31-Jul-2017 08:12:22 UTC] PHP Warning:  mysqli_query() expects parameter 1 to be mysqli, boolean given in /mnt/shell/emulated/0/pws/www/connection.php on line 91
[31-Jul-2017 08:12:22 UTC] PHP Warning:  mysqli_fetch_row() expects parameter 1 to be mysqli_result, null given in /mnt/shell/emulated/0/pws/www/connection.php on line 95
[31-Jul-2017 08:12:22 UTC] PHP Warning:  mysqli_free_result() expects parameter 1 to be mysqli_result, null given in /mnt/shell/emulated/0/pws/www/connection.php on line 105
[31-Jul-2017 08:12:22 UTC] PHP Warning:  mysqli_close() expects parameter 1 to be mysqli, boolean given in /mnt/shell/emulated/0/pws/www/connection.php on line 108
[31-Jul-2017 08:15:53 UTC] PHP Warning:  mysqli_connect(): (HY000/2002): Connection refused in /mnt/shell/emulated/0/pws/www/connection.php on line 10
[31-Jul-2017 08:15:53 UTC] PHP Warning:  mysqli_query() expects parameter 1 to be mysqli, boolean given in /mnt/shell/emulated/0/pws/www/connection.php on line 91
[31-Jul-2017 08:15:53 UTC] PHP Warning:  mysqli_fetch_row() expects parameter 1 to be mysqli_result, null given in /mnt/shell/emulated/0/pws/www/connection.php on line 95
[31-Jul-2017 08:15:53 UTC] PHP Warning:  mysqli_free_result() expects parameter 1 to be mysqli_result, null given in /mnt/shell/emulated/0/pws/www/connection.php on line 105
[31-Jul-2017 08:15:53 UTC] PHP Warning:  mysqli_close() expects parameter 1 to be mysqli, boolean given in /mnt/shell/emulated/0/pws/www/connection.php on line 108
[31-Jul-2017 08:16:11 UTC] PHP Warning:  mysqli_connect(): (HY000/2002): Connection refused in /mnt/shell/emulated/0/pws/www/connection.php on line 10
[31-Jul-2017 08:16:11 UTC] PHP Warning:  mysqli_query() expects parameter 1 to be mysqli, boolean given in /mnt/shell/emulated/0/pws/www/connection.php on line 91
[31-Jul-2017 08:16:11 UTC] PHP Warning:  mysqli_fetch_row() expects parameter 1 to be mysqli_result, null given in /mnt/shell/emulated/0/pws/www/connection.php on line 95
[31-Jul-2017 08:16:11 UTC] PHP Warning:  mysqli_free_result() expects parameter 1 to be mysqli_result, null given in /mnt/shell/emulated/0/pws/www/connection.php on line 105
[31-Jul-2017 08:16:11 UTC] PHP Warning:  mysqli_close() expects parameter 1 to be mysqli, boolean given in /mnt/shell/emulated/0/pws/www/connection.php on line 108
[31-Jul-2017 08:16:35 UTC] PHP Warning:  mysqli_connect(): (HY000/2002): Connection refused in /mnt/shell/emulated/0/pws/www/connection.php on line 10
[31-Jul-2017 08:16:35 UTC] PHP Warning:  mysqli_query() expects parameter 1 to be mysqli, boolean given in /mnt/shell/emulated/0/pws/www/connection.php on line 91
[31-Jul-2017 08:16:35 UTC] PHP Warning:  mysqli_fetch_row() expects parameter 1 to be mysqli_result, null given in /mnt/shell/emulated/0/pws/www/connection.php on line 95
[31-Jul-2017 08:16:35 UTC] PHP Warning:  mysqli_free_result() expects parameter 1 to be mysqli_result, null given in /mnt/shell/emulated/0/pws/www/connection.php on line 105
[31-Jul-2017 08:16:35 UTC] PHP Warning:  mysqli_close() expects parameter 1 to be mysqli, boolean given in /mnt/shell/emulated/0/pws/www/connection.php on line 108
[31-Jul-2017 08:16:55 UTC] PHP Warning:  mysqli_connect(): (HY000/2002): Connection refused in /mnt/shell/emulated/0/pws/www/connection.php on line 10
[31-Jul-2017 08:16:55 UTC] PHP Warning:  mysqli_query() expects parameter 1 to be mysqli, boolean given in /mnt/shell/emulated/0/pws/www/connection.php on line 91
[31-Jul-2017 08:16:55 UTC] PHP Warning:  mysqli_fetch_row() expects parameter 1 to be mysqli_result, null given in /mnt/shell/emulated/0/pws/www/connection.php on line 95
[31-Jul-2017 08:16:55 UTC] PHP Warning:  mysqli_free_result() expects parameter 1 to be mysqli_result, null given in /mnt/shell/emulated/0/pws/www/connection.php on line 105
[31-Jul-2017 08:16:55 UTC] PHP Warning:  mysqli_close() expects parameter 1 to be mysqli, boolean given in /mnt/shell/emulated/0/pws/www/connection.php on line 108
[31-Jul-2017 08:22:24 UTC] PHP Warning:  mysqli_connect(): (HY000/2002): Connection refused in /mnt/shell/emulated/0/pws/www/connection.php on line 10
[31-Jul-2017 08:22:24 UTC] PHP Warning:  mysqli_query() expects parameter 1 to be mysqli, boolean given in /mnt/shell/emulated/0/pws/www/connection.php on line 91
[31-Jul-2017 08:22:24 UTC] PHP Warning:  mysqli_fetch_row() expects parameter 1 to be mysqli_result, null given in /mnt/shell/emulated/0/pws/www/connection.php on line 95
[31-Jul-2017 08:22:24 UTC] PHP Warning:  mysqli_free_result() expects parameter 1 to be mysqli_result, null given in /mnt/shell/emulated/0/pws/www/connection.php on line 105
[31-Jul-2017 08:22:24 UTC] PHP Warning:  mysqli_close() expects parameter 1 to be mysqli, boolean given in /mnt/shell/emulated/0/pws/www/connection.php on line 108
[31-Jul-2017 08:25:37 UTC] PHP Warning:  mysqli_connect(): (HY000/2002): Connection refused in /mnt/shell/emulated/0/pws/www/connection.php on line 10
[31-Jul-2017 08:25:37 UTC] PHP Warning:  mysqli_query() expects parameter 1 to be mysqli, boolean given in /mnt/shell/emulated/0/pws/www/connection.php on line 91
[31-Jul-2017 08:25:37 UTC] PHP Warning:  mysqli_fetch_row() expects parameter 1 to be mysqli_result, null given in /mnt/shell/emulated/0/pws/www/connection.php on line 95
[31-Jul-2017 08:25:37 UTC] PHP Warning:  mysqli_free_result() expects parameter 1 to be mysqli_result, null given in /mnt/shell/emulated/0/pws/www/connection.php on line 105
[31-Jul-2017 08:25:37 UTC] PHP Warning:  mysqli_close() expects parameter 1 to be mysqli, boolean given in /mnt/shell/emulated/0/pws/www/connection.php on line 108
[31-Jul-2017 17:16:19 UTC] PHP Fatal error:  Maximum execution time of 0 seconds exceeded in /mnt/shell/emulated/0/pws/www/camera.php on line 70
[31-Jul-2017 18:54:26 UTC] PHP Warning:  unlink(feed/1.jpeg): No such file or directory in /mnt/shell/emulated/0/pws/www/camera.php on line 77
